TN:
SF:src\repositories\json\json-book.repository.js
FN:7,(anonymous_0)
FNF:1
FNH:1
FNDA:8,(anonymous_0)
DA:1,1
DA:8,8
DA:12,1
LF:3
LH:3
BRDA:8,0,0,8
BRDA:8,0,1,0
BRF:2
BRH:1
end_of_record
TN:
SF:src\repositories\json\json.repository.js
FN:11,(anonymous_0)
FN:18,(anonymous_1)
FN:30,(anonymous_2)
FN:34,(anonymous_3)
FN:38,(anonymous_4)
FN:42,(anonymous_5)
FN:43,(anonymous_6)
FN:50,(anonymous_7)
FN:56,(anonymous_8)
FN:60,(anonymous_9)
FN:65,(anonymous_10)
FN:67,(anonymous_11)
FNF:12
FNH:7
FNDA:8,(anonymous_0)
FNDA:8,(anonymous_1)
FNDA:1,(anonymous_2)
FNDA:1,(anonymous_3)
FNDA:0,(anonymous_4)
FNDA:2,(anonymous_5)
FNDA:3,(anonymous_6)
FNDA:1,(anonymous_7)
FNDA:0,(anonymous_8)
FNDA:0,(anonymous_9)
FNDA:0,(anonymous_10)
FNDA:0,(anonymous_11)
DA:2,1
DA:3,1
DA:4,1
DA:14,8
DA:15,8
DA:16,8
DA:19,8
DA:20,8
DA:21,7
DA:26,1
DA:31,1
DA:35,1
DA:39,0
DA:43,3
DA:44,2
DA:45,1
DA:47,1
DA:51,1
DA:52,1
DA:53,1
DA:58,0
DA:59,0
DA:60,0
DA:61,0
DA:62,0
DA:66,0
DA:67,0
DA:68,0
DA:72,1
LF:29
LH:20
BRDA:44,0,0,1
BRDA:44,0,1,1
BRDA:60,1,0,0
BRDA:60,1,1,0
BRF:4
BRH:2
end_of_record
TN:
SF:src\services\book.service.js
FN:5,(anonymous_0)
FN:10,(anonymous_1)
FN:15,(anonymous_2)
FN:50,(anonymous_3)
FN:58,(anonymous_4)
FN:62,(anonymous_5)
FN:66,(anonymous_6)
FN:70,(anonymous_7)
FN:74,(anonymous_8)
FN:75,(anonymous_9)
FN:80,(anonymous_10)
FNF:11
FNH:5
FNDA:10,(anonymous_0)
FNDA:1,(anonymous_1)
FNDA:7,(anonymous_2)
FNDA:7,(anonymous_3)
FNDA:9,(anonymous_4)
FNDA:0,(anonymous_5)
FNDA:0,(anonymous_6)
FNDA:0,(anonymous_7)
FNDA:0,(anonymous_8)
FNDA:0,(anonymous_9)
FNDA:0,(anonymous_10)
DA:1,1
DA:6,10
DA:7,10
DA:11,1
DA:16,7
DA:17,7
DA:18,1
DA:23,7
DA:24,1
DA:25,7
DA:26,1
DA:27,7
DA:28,1
DA:29,7
DA:30,1
DA:33,7
DA:34,7
DA:35,1
DA:38,7
DA:39,7
DA:40,1
DA:44,7
DA:45,6
DA:52,7
DA:54,1
DA:55,1
DA:59,9
DA:63,0
DA:67,0
DA:68,0
DA:70,0
DA:75,0
DA:76,0
DA:81,0
DA:85,1
DA:88,1
LF:36
LH:29
BRDA:17,0,0,1
BRDA:17,0,1,6
BRDA:23,1,0,1
BRDA:23,1,1,6
BRDA:25,2,0,1
BRDA:25,2,1,6
BRDA:27,3,0,1
BRDA:27,3,1,6
BRDA:29,4,0,1
BRDA:29,4,1,6
BRDA:29,5,0,7
BRDA:29,5,1,7
BRDA:34,6,0,1
BRDA:34,6,1,6
BRDA:39,7,0,1
BRDA:39,7,1,6
BRDA:44,8,0,6
BRDA:44,8,1,1
BRF:18
BRH:18
end_of_record
TN:
SF:src\utils\errors.js
FN:2,(anonymous_0)
FNF:1
FNH:1
FNDA:6,(anonymous_0)
DA:3,6
DA:4,6
DA:25,1
LF:3
LH:3
BRDA:3,0,0,6
BRDA:3,0,1,0
BRDA:4,1,0,6
BRDA:4,1,1,0
BRF:4
BRH:2
end_of_record
